<?xml version="1.0" encoding="UTF-8"?>
<!-- Generated by org.testng.reporters.JUnitXMLReporter -->
<testsuite hostname="GRB-RDG1WIN7915" name="Register_And_Verify_User_Account" tests="4" failures="0" timestamp="12 Sep 2017 14:40:18 GMT" time="100.679" errors="0">
  <testcase name="deleteUsersProfile" time="24.184" classname="com.register.test.DeleteUsersTest"/>
  <testcase name="userRegistration" time="17.039" classname="com.register.test.RegisterUserTest"/>
  <testcase name="userRegistration" time="16.799" classname="com.register.test.RegisterUserTest02"/>
  <testcase name="verifyEmail" time="27.898" classname="com.register.test.VerifyEmailTest"/>
</testsuite> <!-- Register_And_Verify_User_Account -->
