<?xml version="1.0" encoding="UTF-8"?>
<testng-results skipped="0" failed="0" total="1" passed="1">
  <reporter-output>
  </reporter-output>
  <suite name="Test - Suite" duration-ms="164122" started-at="2018-04-19T15:06:20Z" finished-at="2018-04-19T15:09:04Z">
    <groups>
      <group name="cucumber">
        <method signature="AbstractTestNGCucumberTests.feature(cucumber.api.testng.CucumberFeatureWrapper)[pri:0, instance:com.cucumber.runner.TestRunner@1efbd816]" name="feature" class="cucumber.api.testng.AbstractTestNGCucumberTests"/>
      </group> <!-- cucumber -->
    </groups>
    <test name="Register_And_Verify_User_Account" duration-ms="164122" started-at="2018-04-19T15:06:20Z" finished-at="2018-04-19T15:09:04Z">
      <class name="com.cucumber.runner.TestRunner">
        <test-method status="PASS" signature="setUpClass()[pri:0, instance:com.cucumber.runner.TestRunner@1efbd816]" test-instance-name="" name="setUpClass" is-config="true" duration-ms="633" started-at="2018-04-19T16:06:20Z" finished-at="2018-04-19T16:06:20Z">
          <reporter-output>
          </reporter-output>
        </test-method> <!-- setUpClass -->
        <test-method status="PASS" signature="before()[pri:0, instance:com.cucumber.runner.TestRunner@1efbd816]" test-instance-name="" name="before" is-config="true" duration-ms="1" started-at="2018-04-19T16:06:20Z" finished-at="2018-04-19T16:06:20Z">
          <reporter-output>
          </reporter-output>
        </test-method> <!-- before -->
        <test-method name="feature" test-instance-name="" signature="feature(cucumber.api.testng.CucumberFeatureWrapper)[pri:0, instance:com.cucumber.runner.TestRunner@1efbd816]" status="PASS" duration-ms="163252" finished-at="2018-04-19T16:09:04Z" started-at="2018-04-19T16:06:20Z" data-provider="features" description="Runs Cucumber Feature">
          <params>
            <param index="0">
              <value>
                <![CDATA[Patient Online Page - GP registeration entry process: As a registered user with an NHS Account only]]>
              </value>
            </param>
          </params>
          <reporter-output>
          </reporter-output>
        </test-method> <!-- feature -->
        <test-method status="PASS" signature="after()[pri:0, instance:com.cucumber.runner.TestRunner@1efbd816]" test-instance-name="" name="after" is-config="true" duration-ms="2" started-at="2018-04-19T16:09:04Z" finished-at="2018-04-19T16:09:04Z">
          <reporter-output>
          </reporter-output>
        </test-method> <!-- after -->
        <test-method status="PASS" signature="tearDownClass()[pri:0, instance:com.cucumber.runner.TestRunner@1efbd816]" test-instance-name="" name="tearDownClass" is-config="true" duration-ms="60" started-at="2018-04-19T16:09:04Z" finished-at="2018-04-19T16:09:04Z">
          <reporter-output>
          </reporter-output>
        </test-method> <!-- tearDownClass -->
      </class> <!-- com.cucumber.runner.TestRunner -->
    </test> <!-- Register_And_Verify_User_Account -->
  </suite> <!-- Test - Suite -->
</testng-results>
