<?xml version="1.0" encoding="UTF-8"?>
<testng-results skipped="0" failed="0" ignored="0" total="1" passed="1">
  <reporter-output>
  </reporter-output>
  <suite name="Suite" duration-ms="51" started-at="2017-08-22T13:00:23Z" finished-at="2017-08-22T13:00:23Z">
    <groups>
    </groups>
    <test name="Test" duration-ms="51" started-at="2017-08-22T13:00:23Z" finished-at="2017-08-22T13:00:23Z">
      <class name="TestPackage.TestingJobs">
        <test-method status="PASS" signature="testJenkins()[pri:0, instance:TestPackage.TestingJobs@39fb3ab6]" name="testJenkins" duration-ms="18" started-at="2017-08-22T14:00:23Z" finished-at="2017-08-22T14:00:23Z">
          <reporter-output>
          </reporter-output>
        </test-method> <!-- testJenkins -->
      </class> <!-- TestPackage.TestingJobs -->
    </test> <!-- Test -->
  </suite> <!-- Suite -->
</testng-results>
